#
# A fatal error has been detected by the Java Runtime Environment:
#
#  Internal Error (classFileParser.cpp:3494), pid=6772, tid=5272
#  Error: ShouldNotReachHere()
#
# JRE version: 6.0_27-b07
# Java VM: Java HotSpot(TM) 64-Bit Server VM (20.2-b06 mixed mode windows-amd64 compressed oops)
# If you would like to submit a bug report, please visit:
#   http://java.sun.com/webapps/bugreport/crash.jsp
#

---------------  T H R E A D  ---------------

Current thread (0x00000000005bb800):  JavaThread "Unknown thread" [_thread_in_vm, id=5272, stack(0x00000000025b0000,0x00000000026b0000)]

Stack: [0x00000000025b0000,0x00000000026b0000]
[error occurred during error reporting (printing stack bounds), id 0xc0000005]


---------------  P R O C E S S  ---------------

Java Threads: ( => current thread )

Other Threads:

=>0x00000000005bb800 (exited) JavaThread "Unknown thread" [_thread_in_vm, id=5272, stack(0x00000000025b0000,0x00000000026b0000)]

VM state:not at safepoint (not fully initialized)

VM Mutex/Monitor currently owned by a thread: None

Dynamic libraries:
0x0000000000400000 - 0x000000000042e000 	C:\Program Files\Java\jre6\bin\javaw.exe
0x0000000077080000 - 0x000000007722b000 	C:\Windows\SYSTEM32\ntdll.dll
0x0000000076f60000 - 0x000000007707f000 	C:\Windows\system32\kernel32.dll
0x000007fefd040000 - 0x000007fefd0ab000 	C:\Windows\system32\KERNELBASE.dll
0x000007fefd4d0000 - 0x000007fefd5ab000 	C:\Windows\system32\ADVAPI32.dll
0x000007fefdc10000 - 0x000007fefdcaf000 	C:\Windows\system32\msvcrt.dll
0x000007fefdfd0000 - 0x000007fefdfef000 	C:\Windows\SYSTEM32\sechost.dll
0x000007fefdae0000 - 0x000007fefdc0e000 	C:\Windows\system32\RPCRT4.dll
0x0000000076d20000 - 0x0000000076e1a000 	C:\Windows\system32\USER32.dll
0x000007fefe090000 - 0x000007fefe0f7000 	C:\Windows\system32\GDI32.dll
0x000007fefd3c0000 - 0x000007fefd3ce000 	C:\Windows\system32\LPK.dll
0x000007fefdcb0000 - 0x000007fefdd7a000 	C:\Windows\system32\USP10.dll
0x000007fefd5b0000 - 0x000007fefd5de000 	C:\Windows\system32\IMM32.DLL
0x000007fefd850000 - 0x000007fefd959000 	C:\Windows\system32\MSCTF.dll
0x000007fefcd70000 - 0x000007fefcdaf000 	C:\Windows\system32\nvinitx.dll
0x000000006d7f0000 - 0x000000006dfa8000 	C:\Program Files\Java\jre6\bin\server\jvm.dll
0x000007fefcf00000 - 0x000007fefcf3b000 	C:\Windows\system32\WINMM.dll
0x000000006d760000 - 0x000000006d76e000 	C:\Program Files\Java\jre6\bin\verify.dll
0x000000006d3b0000 - 0x000000006d3d7000 	C:\Program Files\Java\jre6\bin\java.dll
0x000000006d7b0000 - 0x000000006d7c2000 	C:\Program Files\Java\jre6\bin\zip.dll
0x0000000077250000 - 0x0000000077257000 	C:\Windows\system32\PSAPI.DLL

VM Arguments:
jvm_args: -Dfile.encoding=GBK -Xbootclasspath:E:\android-sdk-windows\platforms\android-14\android.jar 
java_command: com.example.imperialexaminations.tools.IO
Launcher Type: SUN_STANDARD

Environment Variables:
JAVA_HOME=C:\Program Files (x86)\Java\jdk1.6.0_18
CLASSPATH=;C:\Program Files (x86)\Java\jdk1.6.0_18\lib;C:\Program Files (x86)\Java\axis-1_4\lib\axis.jar;C:\Program Files (x86)\Java\axis-1_4\lib\axis-ant.jar;C:\Program Files (x86)\Java\axis-1_4\lib\commons-discovery-0.2.jar;C:\Program Files (x86)\Java\axis-1_4\lib\commons-logging-1.0.4.jar;C:\Program Files (x86)\Java\axis-1_4\lib\jaxrpc.jar;C:\Program Files (x86)\Java\axis-1_4\lib\log4j-1.2.8.jar;C:\Program Files (x86)\Java\axis-1_4\lib\saaj.jar;C:\Program Files (x86)\Java\axis-1_4\lib\wsdl4j-1.5.1.jar;C:\Program Files (x86)\Java\axis-1_4\lib\activation.jar;C:\Program Files (x86)\Java\axis-1_4\lib\mail.jar;C:\Program Files (x86)\Java\axis-1_4\lib\xerces.jar
PATH=C:\Program Files (x86)\PC Connectivity Solution\;F:\app\Administrator\product\11.2.0\client_1\bin;F:\app\Administrator\product\11.2.0\dbhome_2\bin;C:\Program Files (x86)\Java\jdk1.6.0_18\lib\tools.jar;C:\Program Files (x86)\Java\jdk1.6.0_18\lib\dt.jar;C:\Program Files (x86)\Java\jdk1.6.0_18\lib;C:\Program Files (x86)\Java\jdk1.6.0_18\bin;C:\Program Files (x86)\apache-maven-3.0.4\bin;C:\Windows\System32;D:\oracle\product\10.2.0\client_1\bin;C:\Windows\system32;E:\android-sdk-windows\platform-tools;E:\android-sdk-windows\platforms;;C:\Windows;C:\Windows\System32\Wbem;C:\Windows\System32\WindowsPowerShell\v1.0\;C:\Program Files (x86)\Common Files\Thunder Network\KanKan\Codecs;
USERNAME=Administrator
OS=Windows_NT
PROCESSOR_IDENTIFIER=Intel64 Family 6 Model 42 Stepping 7, GenuineIntel



---------------  S Y S T E M  ---------------

OS: Windows 7 , 64 bit Build 7600 

CPU:total 4 (2 cores per cpu, 2 threads per core) family 6 model 42 stepping 7, cmov, cx8, fxsr, mmx, sse, sse2, sse3, ssse3, sse4.1, sse4.2, popcnt, ht

Memory: 4k page, physical 8290368k(4662076k free), swap 16578828k(10416036k free)

vm_info: Java HotSpot(TM) 64-Bit Server VM (20.2-b06) for windows-amd64 JRE (1.6.0_27-b07), built on Jul 19 2011 01:08:22 by "java_re" with MS VC++ 8.0 (VS2005)

time: Wed Jul 17 21:20:50 2013
elapsed time: 0 seconds

